\BOOKMARK [1][-]{section.0.1}{\376\377\000A\000c\000k\000n\000o\000w\000l\000e\000d\000g\000m\000e\000n\000t}{}% 1
\BOOKMARK [1][-]{section.0.2}{\376\377\000A\000b\000s\000t\000r\000a\000c\000t}{}% 2
\BOOKMARK [0][-]{chapter.1}{\376\377\000I\000N\000T\000R\000O\000D\000U\000C\000T\000I\000O\000N}{}% 3
\BOOKMARK [1][-]{section.1.1}{\376\377\000C\000h\000a\000p\000t\000e\000r\000\040\0001\000:\000\040\000P\000r\000o\000b\000l\000e\000m\000\040\000S\000t\000a\000t\000e\000m\000e\000n\000t}{chapter.1}% 4
\BOOKMARK [2][-]{subsection.1.1.1}{\376\377\0001\000.\0001\000\040\000O\000v\000e\000r\000v\000i\000e\000w}{section.1.1}% 5
\BOOKMARK [2][-]{subsection.1.1.2}{\376\377\0001\000.\0002\000\040\000D\000a\000t\000a\000s\000e\000t\000\040\000D\000e\000s\000c\000r\000i\000p\000t\000i\000o\000n}{section.1.1}% 6
\BOOKMARK [2][-]{subsection.1.1.3}{\376\377\0001\000.\0003\000\040\000S\000c\000o\000p\000e\000\040\000o\000f\000\040\000W\000o\000r\000k}{section.1.1}% 7
\BOOKMARK [2][-]{subsection.1.1.4}{\376\377\0001\000.\0004\000\040\000P\000r\000o\000p\000o\000s\000e\000d\000\040\000S\000o\000l\000u\000t\000i\000o\000n}{section.1.1}% 8
\BOOKMARK [2][-]{subsection.1.1.5}{\376\377\0001\000.\0005\000\040\000R\000a\000t\000i\000o\000n\000a\000l\000e}{section.1.1}% 9
\BOOKMARK [0][-]{chapter.2}{\376\377\000L\000I\000T\000E\000R\000A\000T\000U\000R\000E\000\040\000R\000E\000V\000I\000E\000W\000\040\000\046\000\040\000P\000R\000O\000B\000L\000E\000M\000\040\000S\000T\000A\000T\000E\000M\000E\000N\000T}{}% 10
\BOOKMARK [1][-]{section.2.1}{\376\377\000C\000h\000a\000p\000t\000e\000r\000\040\0002\000:\000\040\000F\000u\000n\000g\000a\000l\000\040\000S\000p\000e\000c\000i\000e\000s\000\040\000R\000e\000t\000r\000i\000e\000v\000a\000l\000\040\000M\000o\000d\000e\000l}{chapter.2}% 11
\BOOKMARK [2][-]{subsection.2.1.1}{\376\377\0002\000.\0001\000\040\000M\000o\000t\000i\000v\000a\000t\000i\000o\000n}{section.2.1}% 12
\BOOKMARK [2][-]{subsection.2.1.2}{\376\377\0002\000.\0002\000\040\000R\000e\000l\000a\000t\000e\000d\000\040\000W\000o\000r\000k}{section.2.1}% 13
\BOOKMARK [2][-]{subsection.2.1.3}{\376\377\0002\000.\0003\000\040\000M\000e\000t\000h\000o\000d\000o\000l\000o\000g\000y}{section.2.1}% 14
\BOOKMARK [2][-]{subsection.2.1.4}{\376\377\0002\000.\0004\000\040\000E\000x\000p\000e\000r\000i\000m\000e\000n\000t\000s\000\040\000\046\000\040\000R\000e\000s\000u\000l\000t\000s}{section.2.1}% 15
\BOOKMARK [2][-]{subsection.2.1.5}{\376\377\0002\000.\0005\000\040\000D\000i\000s\000c\000u\000s\000s\000i\000o\000n}{section.2.1}% 16
\BOOKMARK [0][-]{chapter.3}{\376\377\000F\000U\000N\000G\000A\000L\000\040\000S\000P\000E\000C\000I\000E\000S\000\040\000R\000E\000T\000R\000I\000E\000V\000A\000L\000\040\000M\000O\000D\000E\000L}{}% 17
\BOOKMARK [1][-]{section.3.1}{\376\377\000C\000h\000a\000p\000t\000e\000r\000\040\0003\000:\000\040\000W\000e\000b\000\040\000A\000p\000p\000l\000i\000c\000a\000t\000i\000o\000n}{chapter.3}% 18
\BOOKMARK [2][-]{subsection.3.1.1}{\376\377\0003\000.\0001\000\040\000R\000e\000q\000u\000i\000r\000e\000m\000e\000n\000t\000s\000\040\000A\000n\000a\000l\000y\000s\000i\000s}{section.3.1}% 19
\BOOKMARK [2][-]{subsection.3.1.2}{\376\377\0003\000.\0002\000\040\000H\000i\000g\000h\000-\000L\000e\000v\000e\000l\000\040\000A\000r\000c\000h\000i\000t\000e\000c\000t\000u\000r\000e}{section.3.1}% 20
\BOOKMARK [2][-]{subsection.3.1.3}{\376\377\0003\000.\0003\000\040\000D\000a\000t\000a\000b\000a\000s\000e\000\040\000D\000e\000s\000i\000g\000n\000\040\000\046\000\040\000O\000p\000t\000i\000m\000i\000z\000a\000t\000i\000o\000n}{section.3.1}% 21
\BOOKMARK [2][-]{subsection.3.1.4}{\376\377\0003\000.\0004\000\040\000A\000P\000I\000\040\000D\000e\000s\000i\000g\000n}{section.3.1}% 22
\BOOKMARK [2][-]{subsection.3.1.5}{\376\377\0003\000.\0005\000\040\000U\000I\000/\000U\000X\000\040\000D\000e\000s\000i\000g\000n}{section.3.1}% 23
\BOOKMARK [0][-]{chapter.4}{\376\377\000W\000E\000B\000\040\000A\000P\000P\000L\000I\000C\000A\000T\000I\000O\000N\000\040\000D\000E\000S\000I\000G\000N\000\040\000\046\000\040\000I\000M\000P\000L\000E\000M\000E\000N\000T\000A\000T\000I\000O\000N}{}% 24
\BOOKMARK [1][-]{section.4.1}{\376\377\000C\000h\000a\000p\000t\000e\000r\000\040\0004\000:\000\040\000A\000g\000e\000n\000t\000i\000c\000\040\000E\000n\000g\000i\000n\000e\000e\000r\000i\000n\000g}{chapter.4}% 25
\BOOKMARK [2][-]{subsection.4.1.1}{\376\377\0004\000.\0001\000\040\000M\000o\000t\000i\000v\000a\000t\000i\000o\000n}{section.4.1}% 26
\BOOKMARK [2][-]{subsection.4.1.2}{\376\377\0004\000.\0002\000\040\000M\000u\000l\000t\000i\000-\000A\000g\000e\000n\000t\000\040\000A\000r\000c\000h\000i\000t\000e\000c\000t\000u\000r\000e}{section.4.1}% 27
\BOOKMARK [2][-]{subsection.4.1.3}{\376\377\0004\000.\0003\000\040\000R\000e\000d\000u\000c\000i\000n\000g\000\040\000H\000a\000l\000l\000u\000c\000i\000n\000a\000t\000i\000o\000n\000s}{section.4.1}% 28
\BOOKMARK [2][-]{subsection.4.1.4}{\376\377\0004\000.\0004\000\040\000O\000v\000e\000r\000c\000o\000m\000i\000n\000g\000\040\000C\000o\000n\000t\000e\000x\000t\000\040\000W\000i\000n\000d\000o\000w\000\040\000L\000i\000m\000i\000t\000s}{section.4.1}% 29
\BOOKMARK [0][-]{chapter.5}{\376\377\000A\000G\000E\000N\000T\000I\000C\000\040\000E\000N\000G\000I\000N\000E\000E\000R\000I\000N\000G\000\040\000\046\000\040\000E\000V\000A\000L\000U\000A\000T\000I\000O\000N}{}% 30
\BOOKMARK [1][-]{section.5.1}{\376\377\000C\000h\000a\000p\000t\000e\000r\000\040\0005\000:\000\040\000C\000o\000n\000c\000l\000u\000s\000i\000o\000n}{chapter.5}% 31
\BOOKMARK [2][-]{subsection.5.1.1}{\376\377\000S\000u\000m\000m\000a\000r\000y}{section.5.1}% 32
\BOOKMARK [2][-]{subsection.5.1.2}{\376\377\000F\000u\000t\000u\000r\000e\000\040\000W\000o\000r\000k}{section.5.1}% 33
\BOOKMARK [0][-]{chapter.6}{\376\377\000C\000O\000N\000C\000L\000U\000S\000I\000O\000N}{}% 34
\BOOKMARK [1][-]{section.6.1}{\376\377\000S\000u\000m\000m\000a\000r\000y}{chapter.6}% 35
\BOOKMARK [1][-]{section.6.2}{\376\377\000F\000u\000t\000u\000r\000e\000\040\000W\000o\000r\000k}{chapter.6}% 36
\BOOKMARK [0][-]{section*.22}{\376\377\000R\000E\000F\000E\000R\000E\000N\000C\000E}{}% 37
\BOOKMARK [0][-]{chapter.1.A}{\376\377\000U\000S\000E\000\040\000C\000A\000S\000E\000\040\000D\000E\000S\000C\000R\000I\000P\000T\000I\000O\000N\000S}{}% 38
\BOOKMARK [1][-]{section.1.A.1}{\376\377\000U\000s\000e\000\040\000C\000a\000s\000e\000\040\000D\000e\000t\000a\000i\000l\000s}{chapter.1.A}% 39
